run_id=20260424T155752Z
root=/root/RL_table2charts
code_dir=/root/RL_table2charts/Table2Charts
python_bin=python
corpus_path=/root/RL_table2charts/Data/PlotlyTable2Charts
sft_ckpt=/root/RL_table2charts/Results/Models/sft_states_ep0.pt
model_save_path=/root/RL_table2charts/Results/Models
summary_path=/root/RL_table2charts/Results/summary
gpu_ids=0
rl_nprocs=1
eval_nprocs=1
dry_run=1
sweep_log=/root/RL_table2charts/experiments/results/raw_logs/epsilon_sweep_20260424T155752Z.log

=== running experiments/configs/epsilon_eps005_top5.json ===
=== epsilon_eps005_top5 ===
config: /root/RL_table2charts/experiments/configs/epsilon_eps005_top5.json
status: runnable
todo: Training command shape is implemented; evaluation requires discovering the produced RL model dir after training and is intentionally deferred in this scaffold.
resolved_env:
  ROOT=/root/RL_table2charts
  PYTHON_BIN=python
  CORPUS_PATH=/root/RL_table2charts/Data/PlotlyTable2Charts
  SFT_CKPT=/root/RL_table2charts/Results/Models/sft_states_ep0.pt
  MODEL_SAVE_PATH=/root/RL_table2charts/Results/Models
  SUMMARY_PATH=/root/RL_table2charts/Results/summary
  GPU_IDS=0
commands:
  1. python -m torch.distributed.launch --nproc_per_node 4 --master_port 29642 --module reinforce.updated_policy_learn_dist --corpus_path /root/RL_table2charts/Data/PlotlyTable2Charts --model_size=small --model_name=cp --features=all-fast --negative_weight=0.8 --search_limits=e50-b4-na --epochs=1 --model_save_path /root/RL_table2charts/Results/Models -p /root/RL_table2charts/Results/Models/sft_states_ep0.pt --summary_path /root/RL_table2charts/Results/summary --search_type allCharts --input_type allCharts --previous_type allCharts --lang=en --queue_mode=local --log_freq_agent=500 --log_freq_batch=100 --max_tables=64 --min_memory=1000 --memory_sample_size=64 --memory_sample_rounds=2 --policy_epsilon_start=0.05 --policy_epsilon_end=0.02 --policy_epsilon_decay=0.8 --policy_explore_top_m=5
  2. # TODO: training is runnable; evaluation requires discovering the produced RL model dir after training, which is intentionally deferred in this scaffold.


=== running experiments/configs/epsilon_eps010_top5.json ===
=== epsilon_eps010_top5 ===
config: /root/RL_table2charts/experiments/configs/epsilon_eps010_top5.json
status: runnable
todo: Training command shape is implemented; evaluation requires discovering the produced RL model dir after training and is intentionally deferred in this scaffold.
resolved_env:
  ROOT=/root/RL_table2charts
  PYTHON_BIN=python
  CORPUS_PATH=/root/RL_table2charts/Data/PlotlyTable2Charts
  SFT_CKPT=/root/RL_table2charts/Results/Models/sft_states_ep0.pt
  MODEL_SAVE_PATH=/root/RL_table2charts/Results/Models
  SUMMARY_PATH=/root/RL_table2charts/Results/summary
  GPU_IDS=0
commands:
  1. python -m torch.distributed.launch --nproc_per_node 4 --master_port 29643 --module reinforce.updated_policy_learn_dist --corpus_path /root/RL_table2charts/Data/PlotlyTable2Charts --model_size=small --model_name=cp --features=all-fast --negative_weight=0.8 --search_limits=e50-b4-na --epochs=1 --model_save_path /root/RL_table2charts/Results/Models -p /root/RL_table2charts/Results/Models/sft_states_ep0.pt --summary_path /root/RL_table2charts/Results/summary --search_type allCharts --input_type allCharts --previous_type allCharts --lang=en --queue_mode=local --log_freq_agent=500 --log_freq_batch=100 --max_tables=64 --min_memory=1000 --memory_sample_size=64 --memory_sample_rounds=2 --policy_epsilon_start=0.1 --policy_epsilon_end=0.02 --policy_epsilon_decay=0.8 --policy_explore_top_m=5
  2. # TODO: training is runnable; evaluation requires discovering the produced RL model dir after training, which is intentionally deferred in this scaffold.


=== running experiments/configs/epsilon_eps020_top5.json ===
=== epsilon_eps020_top5 ===
config: /root/RL_table2charts/experiments/configs/epsilon_eps020_top5.json
status: runnable
todo: Training command shape is implemented; evaluation requires discovering the produced RL model dir after training and is intentionally deferred in this scaffold.
resolved_env:
  ROOT=/root/RL_table2charts
  PYTHON_BIN=python
  CORPUS_PATH=/root/RL_table2charts/Data/PlotlyTable2Charts
  SFT_CKPT=/root/RL_table2charts/Results/Models/sft_states_ep0.pt
  MODEL_SAVE_PATH=/root/RL_table2charts/Results/Models
  SUMMARY_PATH=/root/RL_table2charts/Results/summary
  GPU_IDS=0
commands:
  1. python -m torch.distributed.launch --nproc_per_node 4 --master_port 29644 --module reinforce.updated_policy_learn_dist --corpus_path /root/RL_table2charts/Data/PlotlyTable2Charts --model_size=small --model_name=cp --features=all-fast --negative_weight=0.8 --search_limits=e50-b4-na --epochs=1 --model_save_path /root/RL_table2charts/Results/Models -p /root/RL_table2charts/Results/Models/sft_states_ep0.pt --summary_path /root/RL_table2charts/Results/summary --search_type allCharts --input_type allCharts --previous_type allCharts --lang=en --queue_mode=local --log_freq_agent=500 --log_freq_batch=100 --max_tables=64 --min_memory=1000 --memory_sample_size=64 --memory_sample_rounds=2 --policy_epsilon_start=0.2 --policy_epsilon_end=0.02 --policy_epsilon_decay=0.8 --policy_explore_top_m=5
  2. # TODO: training is runnable; evaluation requires discovering the produced RL model dir after training, which is intentionally deferred in this scaffold.


=== running experiments/configs/epsilon_eps030_top5.json ===
=== epsilon_eps030_top5 ===
config: /root/RL_table2charts/experiments/configs/epsilon_eps030_top5.json
status: runnable
todo: Training command shape is implemented; evaluation requires discovering the produced RL model dir after training and is intentionally deferred in this scaffold.
resolved_env:
  ROOT=/root/RL_table2charts
  PYTHON_BIN=python
  CORPUS_PATH=/root/RL_table2charts/Data/PlotlyTable2Charts
  SFT_CKPT=/root/RL_table2charts/Results/Models/sft_states_ep0.pt
  MODEL_SAVE_PATH=/root/RL_table2charts/Results/Models
  SUMMARY_PATH=/root/RL_table2charts/Results/summary
  GPU_IDS=0
commands:
  1. python -m torch.distributed.launch --nproc_per_node 4 --master_port 29645 --module reinforce.updated_policy_learn_dist --corpus_path /root/RL_table2charts/Data/PlotlyTable2Charts --model_size=small --model_name=cp --features=all-fast --negative_weight=0.8 --search_limits=e50-b4-na --epochs=1 --model_save_path /root/RL_table2charts/Results/Models -p /root/RL_table2charts/Results/Models/sft_states_ep0.pt --summary_path /root/RL_table2charts/Results/summary --search_type allCharts --input_type allCharts --previous_type allCharts --lang=en --queue_mode=local --log_freq_agent=500 --log_freq_batch=100 --max_tables=64 --min_memory=1000 --memory_sample_size=64 --memory_sample_rounds=2 --policy_epsilon_start=0.3 --policy_epsilon_end=0.02 --policy_epsilon_decay=0.8 --policy_explore_top_m=5
  2. # TODO: training is runnable; evaluation requires discovering the produced RL model dir after training, which is intentionally deferred in this scaffold.

