run_id=20260426T051651Z
root=/home/lyl610/RL_table2charts
code_dir=/home/lyl610/RL_table2charts/Table2Charts
python_bin=python
corpus_path=/home/lyl610/RL_table2charts/Data/PlotlyTable2Charts
sft_ckpt=/home/lyl610/RL_table2charts/Results/Models/sft_states_ep0.pt
model_save_path=/home/lyl610/RL_table2charts/Results/Models
summary_path=/home/lyl610/RL_table2charts/Results/summary
gpu_ids=0,1
rl_nprocs=2
eval_nprocs=2
master_port=29641
dry_run=1
run_log=/home/lyl610/RL_table2charts/experiments/results/raw_logs/hard_greedy_20260426T051651Z.log
result_file=/home/lyl610/RL_table2charts/experiments/results/raw_logs/hard_greedy_20260426T051651Z.results
config=experiments/configs/baseline_rl_greedy_train_eval.json

=== running experiments/configs/baseline_rl_greedy_train_eval.json ===
=== baseline_rl_greedy_train_eval ===
config: /home/lyl610/RL_table2charts/experiments/configs/baseline_rl_greedy_train_eval.json
status: runnable
todo: Training command shape is implemented; helper scripts must discover the produced RL model directory and run test_agent_mp.py for final test-set evaluation.
resolved_env:
  ROOT=/home/lyl610/RL_table2charts
  PYTHON_BIN=python
  CORPUS_PATH=/home/lyl610/RL_table2charts/Data/PlotlyTable2Charts
  SFT_CKPT=/home/lyl610/RL_table2charts/Results/Models/sft_states_ep0.pt
  MODEL_SAVE_PATH=/home/lyl610/RL_table2charts/Results/Models
  SUMMARY_PATH=/home/lyl610/RL_table2charts/Results/summary
  GPU_IDS=0,1
commands:
  1. python -m torch.distributed.launch --nproc_per_node 2 --master_port 29641 script.py --corpus_path /home/lyl610/RL_table2charts/Data/PlotlyTable2Charts --model_size=small --model_name=cp --features=all-fast --negative_weight=0.8 --search_limits=e50-b4-na --epochs=1 -m /home/lyl610/RL_table2charts/Results/Models -p /home/lyl610/RL_table2charts/Results/Models/sft_states_ep0.pt --summary_path /home/lyl610/RL_table2charts/Results/summary --search_type allCharts --input_type allCharts --previous_type allCharts --lang=en --queue_mode=local --log_freq_agent=500 --log_freq_batch=100 --max_tables=64 --min_memory=1000 --memory_sample_size=64 --memory_sample_rounds=2
  2. # TODO: helper-managed final evaluation: discover the produced RL checkpoint directory after training, then run test_agent_mp.py on the test split.

post_train_eval: helper-managed final test-set evaluation with test_agent_mp.py after discovering the new RL model dir newer than /home/lyl610/RL_table2charts/experiments/results/raw_logs/baseline_rl_greedy_train_eval_20260426T051651Z.marker
post_train_eval_log_dir: <discovered_rl_dir>/evaluations/test-baseline_rl_greedy_train_eval-20260426T051651Z
